<?xml version="1.0" encoding="UTF-8"?>
<!-- Generated by org.testng.reporters.JUnitXMLReporter -->
<testsuite hostname="DESKTOP-BEJDV32" ignored="0" name="Default test" tests="2" failures="0" timestamp="12 Sep 2019 08:21:06 GMT" time="30.402" errors="0">
  <testcase name="validLoginTest" time="2.09" classname="com.training.sanity.tests.LoginTests"/>
  <testcase name="testMethod_UNF015" time="18.694" classname="com.training.sanity.tests.LoginTestsUNF_015"/>
</testsuite> <!-- Default test -->
