<?xml version="1.0" encoding="UTF-8"?>
<testng-results skipped="0" failed="0" ignored="0" total="2" passed="2">
  <reporter-output>
  </reporter-output>
  <suite name="Default suite" duration-ms="30402" started-at="2019-09-12T08:20:36Z" finished-at="2019-09-12T08:21:06Z">
    <groups>
    </groups>
    <test name="Default test" duration-ms="30402" started-at="2019-09-12T08:20:36Z" finished-at="2019-09-12T08:21:06Z">
      <class name="com.training.sanity.tests.LoginTestsUNF_015">
        <test-method status="PASS" signature="setUpBeforeClass()[pri:0, instance:com.training.sanity.tests.LoginTestsUNF_015@aaff4c56]" name="setUpBeforeClass" is-config="true" duration-ms="8537" started-at="2019-09-12T08:20:36Z" finished-at="2019-09-12T08:20:44Z">
          <reporter-output>
          </reporter-output>
        </test-method> <!-- setUpBeforeClass -->
        <test-method status="PASS" signature="validLoginTest()[pri:0, instance:com.training.sanity.tests.LoginTestsUNF_015@aaff4c56]" name="validLoginTest" duration-ms="2090" started-at="2019-09-12T08:20:44Z" finished-at="2019-09-12T08:20:46Z">
          <reporter-output>
          </reporter-output>
        </test-method> <!-- validLoginTest -->
        <test-method status="PASS" signature="testMethod_UNF015()[pri:0, instance:com.training.sanity.tests.LoginTestsUNF_015@aaff4c56]" name="testMethod_UNF015" duration-ms="18694" started-at="2019-09-12T08:20:46Z" finished-at="2019-09-12T08:21:05Z">
          <reporter-output>
          </reporter-output>
        </test-method> <!-- testMethod_UNF015 -->
        <test-method status="PASS" signature="tearDown()[pri:0, instance:com.training.sanity.tests.LoginTestsUNF_015@aaff4c56]" name="tearDown" is-config="true" duration-ms="1002" started-at="2019-09-12T08:21:05Z" finished-at="2019-09-12T08:21:06Z">
          <reporter-output>
          </reporter-output>
        </test-method> <!-- tearDown -->
      </class> <!-- com.training.sanity.tests.LoginTestsUNF_015 -->
    </test> <!-- Default test -->
  </suite> <!-- Default suite -->
</testng-results>
