<?xml version="1.0" encoding="UTF-8"?>
<testng-results skipped="0" failed="0" ignored="0" total="2" passed="2">
  <reporter-output>
  </reporter-output>
  <suite name="Default suite" duration-ms="38122" started-at="2019-09-09T07:56:04Z" finished-at="2019-09-09T07:56:42Z">
    <groups>
    </groups>
    <test name="Default test" duration-ms="38122" started-at="2019-09-09T07:56:04Z" finished-at="2019-09-09T07:56:42Z">
      <class name="com.training.sanity.tests.TestsUNF_043">
        <test-method status="PASS" signature="setUpBeforeClass()[pri:0, instance:com.training.sanity.tests.TestsUNF_043@a10744a8]" name="setUpBeforeClass" is-config="true" duration-ms="14232" started-at="2019-09-09T07:56:04Z" finished-at="2019-09-09T07:56:18Z">
          <reporter-output>
          </reporter-output>
        </test-method> <!-- setUpBeforeClass -->
        <test-method status="PASS" signature="validLoginTest()[pri:0, instance:com.training.sanity.tests.TestsUNF_043@a10744a8]" name="validLoginTest" duration-ms="5537" started-at="2019-09-09T07:56:18Z" finished-at="2019-09-09T07:56:24Z">
          <reporter-output>
          </reporter-output>
        </test-method> <!-- validLoginTest -->
        <test-method status="PASS" signature="testMethod()[pri:0, instance:com.training.sanity.tests.TestsUNF_043@a10744a8]" name="testMethod" duration-ms="17275" started-at="2019-09-09T07:56:24Z" finished-at="2019-09-09T07:56:41Z">
          <reporter-output>
          </reporter-output>
        </test-method> <!-- testMethod -->
        <test-method status="PASS" signature="tearDown()[pri:0, instance:com.training.sanity.tests.TestsUNF_043@a10744a8]" name="tearDown" is-config="true" duration-ms="1016" started-at="2019-09-09T07:56:41Z" finished-at="2019-09-09T07:56:42Z">
          <reporter-output>
          </reporter-output>
        </test-method> <!-- tearDown -->
      </class> <!-- com.training.sanity.tests.TestsUNF_043 -->
    </test> <!-- Default test -->
  </suite> <!-- Default suite -->
</testng-results>
